D:\vs2017\Common7\IDE\VC\VCTargets\Microsoft.CppBuild.targets(391,5): warning MSB8028: 中间目录(x64\Debug\)包含从另一个项目(Project2.vcxproj)共享的文件。   这会导致错误的清除和重新生成行为。
  panorama.cpp
c:\users\sgks_liuyj\source\repos\2r_allroad\project2\panorama.cpp(82): warning C4244: “=”: 从“int”转换到“_Tp”，可能丢失数据
          with
          [
              _Tp=float
          ]
c:\users\sgks_liuyj\source\repos\2r_allroad\project2\panorama.cpp(83): warning C4244: “=”: 从“int”转换到“_Tp”，可能丢失数据
          with
          [
              _Tp=float
          ]
c:\users\sgks_liuyj\source\repos\2r_allroad\project2\panorama.cpp(84): warning C4244: “=”: 从“int”转换到“_Tp”，可能丢失数据
          with
          [
              _Tp=float
          ]
c:\users\sgks_liuyj\source\repos\2r_allroad\project2\panorama.cpp(85): warning C4244: “=”: 从“int”转换到“_Tp”，可能丢失数据
          with
          [
              _Tp=float
          ]
c:\users\sgks_liuyj\source\repos\2r_allroad\project2\panorama.cpp(115): warning C4244: “参数”: 从“double”转换到“_Tp”，可能丢失数据
          with
          [
              _Tp=int
          ]
c:\users\sgks_liuyj\source\repos\2r_allroad\project2\panorama.cpp(117): warning C4244: “参数”: 从“double”转换到“_Tp”，可能丢失数据
          with
          [
              _Tp=int
          ]
c:\users\sgks_liuyj\source\repos\2r_allroad\project2\panorama.cpp(124): warning C4244: “参数”: 从“double”转换到“_Tp”，可能丢失数据
          with
          [
              _Tp=int
          ]
c:\users\sgks_liuyj\source\repos\2r_allroad\project2\panorama.cpp(129): warning C4244: “参数”: 从“double”转换到“_Tp”，可能丢失数据
          with
          [
              _Tp=int
          ]
c:\users\sgks_liuyj\source\repos\2r_allroad\project2\panorama.cpp(155): warning C4244: “=”: 从“double”转换到“_Tp”，可能丢失数据
          with
          [
              _Tp=float
          ]
c:\users\sgks_liuyj\source\repos\2r_allroad\project2\panorama.cpp(569): warning C4244: “初始化”: 从“double”转换到“int”，可能丢失数据
  Project2.vcxproj -> C:\Users\sgks_Liuyj\source\repos\2R_ALLroad\x64\Debug\canny.exe
